<?xml version="1.0" encoding="utf-8" standalone="no"?>
<test-results xmlns:xsi="http://www.w3.org/2001/XMLSchema-instance" xsi:noNamespaceSchemaLocation="nunit_schema_2.5.xsd" name="Pester" total="32" errors="0" failures="0" not-run="0" inconclusive="0" ignored="0" skipped="0" invalid="0" date="2018-03-27" time="01:01:49">
  <environment user="appveyor" machine-name="APPVYR-WIN" cwd="C:\projects\applicationcontrol" user-domain="APPVYR-WIN" platform="Microsoft Windows Server 2012 R2 Datacenter|C:\windows|\Device\Harddisk0\Partition5" nunit-version="2.5.8.0" os-version="6.3.9600" clr-version="4.0.30319.42000" />
  <culture-info current-culture="en-US" current-uiculture="en-US" />
  <test-suite type="TestFixture" name="Pester" executed="True" result="Success" success="True" time="4.8485" asserts="0" description="Pester">
    <results>
      <test-suite type="TestFixture" name="C:\projects\applicationcontrol\Tests\Main.Tests.ps1" executed="True" result="Success" success="True" time="4.7619" asserts="0" description="C:\projects\applicationcontrol\Tests\Main.Tests.ps1">
        <results>
          <test-suite type="TestFixture" name="General project validation" executed="True" result="Success" success="True" time="4.3258" asserts="0" description="General project validation">
            <results>
              <test-suite type="ParameterizedTest" name="General project validation.Script &lt;file&gt; should be valid PowerShell" executed="True" result="Success" success="True" time="0.8434" asserts="0" description="Script &lt;file&gt; should be valid PowerShell">
                <results>
                  <test-case description="Script C:\projects\applicationcontrol\ApplicationControl\Private\ConvertTo-EnvironmentPath.ps1 should be valid PowerShell" name="General project validation.Script C:\projects\applicationcontrol\ApplicationControl\Private\ConvertTo-EnvironmentPath.ps1 should be valid PowerShell" time="0.6738" asserts="0" success="True" result="Success" executed="True" />
                  <test-case description="Script C:\projects\applicationcontrol\ApplicationControl\Private\ConvertTo-RegExPath.ps1 should be valid PowerShell" name="General project validation.Script C:\projects\applicationcontrol\ApplicationControl\Private\ConvertTo-RegExPath.ps1 should be valid PowerShell" time="0.0922" asserts="0" success="True" result="Success" executed="True" />
                  <test-case description="Script C:\projects\applicationcontrol\ApplicationControl\Public\Export-AcDigitalSignature.ps1 should be valid PowerShell" name="General project validation.Script C:\projects\applicationcontrol\ApplicationControl\Public\Export-AcDigitalSignature.ps1 should be valid PowerShell" time="0.011" asserts="0" success="True" result="Success" executed="True" />
                  <test-case description="Script C:\projects\applicationcontrol\ApplicationControl\Public\Get-AcDigitalSignature.ps1 should be valid PowerShell" name="General project validation.Script C:\projects\applicationcontrol\ApplicationControl\Public\Get-AcDigitalSignature.ps1 should be valid PowerShell" time="0.0144" asserts="0" success="True" result="Success" executed="True" />
                  <test-case description="Script C:\projects\applicationcontrol\ApplicationControl\Public\Get-AcFileMetadata.ps1 should be valid PowerShell" name="General project validation.Script C:\projects\applicationcontrol\ApplicationControl\Public\Get-AcFileMetadata.ps1 should be valid PowerShell" time="0.0107" asserts="0" success="True" result="Success" executed="True" />
                  <test-case description="Script C:\projects\applicationcontrol\ApplicationControl\Public\New-AcAampConfiguration.ps1 should be valid PowerShell" name="General project validation.Script C:\projects\applicationcontrol\ApplicationControl\Public\New-AcAampConfiguration.ps1 should be valid PowerShell" time="0.0139" asserts="0" success="True" result="Success" executed="True" />
                  <test-case description="Script C:\projects\applicationcontrol\ApplicationControl\Public\Select-AcUniqueMetadata.ps1 should be valid PowerShell" name="General project validation.Script C:\projects\applicationcontrol\ApplicationControl\Public\Select-AcUniqueMetadata.ps1 should be valid PowerShell" time="0.0115" asserts="0" success="True" result="Success" executed="True" />
                  <test-case description="Script C:\projects\applicationcontrol\ApplicationControl\ApplicationControl.psm1 should be valid PowerShell" name="General project validation.Script C:\projects\applicationcontrol\ApplicationControl\ApplicationControl.psm1 should be valid PowerShell" time="0.0158" asserts="0" success="True" result="Success" executed="True" />
                </results>
              </test-suite>
              <test-suite type="ParameterizedTest" name="General project validation.&lt;file&gt; should pass ScriptAnalyzer" executed="True" result="Success" success="True" time="3.4824" asserts="0" description="&lt;file&gt; should pass ScriptAnalyzer">
                <results>
                  <test-case description="C:\projects\applicationcontrol\ApplicationControl\Private\ConvertTo-EnvironmentPath.ps1 should pass ScriptAnalyzer" name="General project validation.C:\projects\applicationcontrol\ApplicationControl\Private\ConvertTo-EnvironmentPath.ps1 should pass ScriptAnalyzer" time="0.6196" asserts="0" success="True" result="Success" executed="True" />
                  <test-case description="C:\projects\applicationcontrol\ApplicationControl\Private\ConvertTo-RegExPath.ps1 should pass ScriptAnalyzer" name="General project validation.C:\projects\applicationcontrol\ApplicationControl\Private\ConvertTo-RegExPath.ps1 should pass ScriptAnalyzer" time="0.4772" asserts="0" success="True" result="Success" executed="True" />
                  <test-case description="C:\projects\applicationcontrol\ApplicationControl\Public\Export-AcDigitalSignature.ps1 should pass ScriptAnalyzer" name="General project validation.C:\projects\applicationcontrol\ApplicationControl\Public\Export-AcDigitalSignature.ps1 should pass ScriptAnalyzer" time="0.2373" asserts="0" success="True" result="Success" executed="True" />
                  <test-case description="C:\projects\applicationcontrol\ApplicationControl\Public\Get-AcDigitalSignature.ps1 should pass ScriptAnalyzer" name="General project validation.C:\projects\applicationcontrol\ApplicationControl\Public\Get-AcDigitalSignature.ps1 should pass ScriptAnalyzer" time="0.4305" asserts="0" success="True" result="Success" executed="True" />
                  <test-case description="C:\projects\applicationcontrol\ApplicationControl\Public\Get-AcFileMetadata.ps1 should pass ScriptAnalyzer" name="General project validation.C:\projects\applicationcontrol\ApplicationControl\Public\Get-AcFileMetadata.ps1 should pass ScriptAnalyzer" time="0.1377" asserts="0" success="True" result="Success" executed="True" />
                  <test-case description="C:\projects\applicationcontrol\ApplicationControl\Public\New-AcAampConfiguration.ps1 should pass ScriptAnalyzer" name="General project validation.C:\projects\applicationcontrol\ApplicationControl\Public\New-AcAampConfiguration.ps1 should pass ScriptAnalyzer" time="1.4792" asserts="0" success="True" result="Success" executed="True" />
                  <test-case description="C:\projects\applicationcontrol\ApplicationControl\Public\Select-AcUniqueMetadata.ps1 should pass ScriptAnalyzer" name="General project validation.C:\projects\applicationcontrol\ApplicationControl\Public\Select-AcUniqueMetadata.ps1 should pass ScriptAnalyzer" time="0.0551" asserts="0" success="True" result="Success" executed="True" />
                  <test-case description="C:\projects\applicationcontrol\ApplicationControl\ApplicationControl.psm1 should pass ScriptAnalyzer" name="General project validation.C:\projects\applicationcontrol\ApplicationControl\ApplicationControl.psm1 should pass ScriptAnalyzer" time="0.0458" asserts="0" success="True" result="Success" executed="True" />
                </results>
              </test-suite>
            </results>
          </test-suite>
          <test-suite type="TestFixture" name="Function validation" executed="True" result="Success" success="True" time="0.4361" asserts="0" description="Function validation">
            <results>
              <test-suite type="ParameterizedTest" name="Function validation.Script &lt;file&gt; should only contain one function" executed="True" result="Success" success="True" time="0.2472" asserts="0" description="Script &lt;file&gt; should only contain one function">
                <results>
                  <test-case description="Script C:\projects\applicationcontrol\ApplicationControl\Private\ConvertTo-EnvironmentPath.ps1 should only contain one function" name="Function validation.Script C:\projects\applicationcontrol\ApplicationControl\Private\ConvertTo-EnvironmentPath.ps1 should only contain one function" time="0.123" asserts="0" success="True" result="Success" executed="True" />
                  <test-case description="Script C:\projects\applicationcontrol\ApplicationControl\Private\ConvertTo-RegExPath.ps1 should only contain one function" name="Function validation.Script C:\projects\applicationcontrol\ApplicationControl\Private\ConvertTo-RegExPath.ps1 should only contain one function" time="0.0559" asserts="0" success="True" result="Success" executed="True" />
                  <test-case description="Script C:\projects\applicationcontrol\ApplicationControl\Public\Export-AcDigitalSignature.ps1 should only contain one function" name="Function validation.Script C:\projects\applicationcontrol\ApplicationControl\Public\Export-AcDigitalSignature.ps1 should only contain one function" time="0.016" asserts="0" success="True" result="Success" executed="True" />
                  <test-case description="Script C:\projects\applicationcontrol\ApplicationControl\Public\Get-AcDigitalSignature.ps1 should only contain one function" name="Function validation.Script C:\projects\applicationcontrol\ApplicationControl\Public\Get-AcDigitalSignature.ps1 should only contain one function" time="0.0128" asserts="0" success="True" result="Success" executed="True" />
                  <test-case description="Script C:\projects\applicationcontrol\ApplicationControl\Public\Get-AcFileMetadata.ps1 should only contain one function" name="Function validation.Script C:\projects\applicationcontrol\ApplicationControl\Public\Get-AcFileMetadata.ps1 should only contain one function" time="0.0136" asserts="0" success="True" result="Success" executed="True" />
                  <test-case description="Script C:\projects\applicationcontrol\ApplicationControl\Public\New-AcAampConfiguration.ps1 should only contain one function" name="Function validation.Script C:\projects\applicationcontrol\ApplicationControl\Public\New-AcAampConfiguration.ps1 should only contain one function" time="0.0147" asserts="0" success="True" result="Success" executed="True" />
                  <test-case description="Script C:\projects\applicationcontrol\ApplicationControl\Public\Select-AcUniqueMetadata.ps1 should only contain one function" name="Function validation.Script C:\projects\applicationcontrol\ApplicationControl\Public\Select-AcUniqueMetadata.ps1 should only contain one function" time="0.0112" asserts="0" success="True" result="Success" executed="True" />
                </results>
              </test-suite>
              <test-suite type="ParameterizedTest" name="Function validation.&lt;file&gt; should match function name" executed="True" result="Success" success="True" time="0.1889" asserts="0" description="&lt;file&gt; should match function name">
                <results>
                  <test-case description="C:\projects\applicationcontrol\ApplicationControl\Private\ConvertTo-EnvironmentPath.ps1 should match function name" name="Function validation.C:\projects\applicationcontrol\ApplicationControl\Private\ConvertTo-EnvironmentPath.ps1 should match function name" time="0.0263" asserts="0" success="True" result="Success" executed="True" />
                  <test-case description="C:\projects\applicationcontrol\ApplicationControl\Private\ConvertTo-RegExPath.ps1 should match function name" name="Function validation.C:\projects\applicationcontrol\ApplicationControl\Private\ConvertTo-RegExPath.ps1 should match function name" time="0.0144" asserts="0" success="True" result="Success" executed="True" />
                  <test-case description="C:\projects\applicationcontrol\ApplicationControl\Public\Export-AcDigitalSignature.ps1 should match function name" name="Function validation.C:\projects\applicationcontrol\ApplicationControl\Public\Export-AcDigitalSignature.ps1 should match function name" time="0.0803" asserts="0" success="True" result="Success" executed="True" />
                  <test-case description="C:\projects\applicationcontrol\ApplicationControl\Public\Get-AcDigitalSignature.ps1 should match function name" name="Function validation.C:\projects\applicationcontrol\ApplicationControl\Public\Get-AcDigitalSignature.ps1 should match function name" time="0.0273" asserts="0" success="True" result="Success" executed="True" />
                  <test-case description="C:\projects\applicationcontrol\ApplicationControl\Public\Get-AcFileMetadata.ps1 should match function name" name="Function validation.C:\projects\applicationcontrol\ApplicationControl\Public\Get-AcFileMetadata.ps1 should match function name" time="0.0131" asserts="0" success="True" result="Success" executed="True" />
                  <test-case description="C:\projects\applicationcontrol\ApplicationControl\Public\New-AcAampConfiguration.ps1 should match function name" name="Function validation.C:\projects\applicationcontrol\ApplicationControl\Public\New-AcAampConfiguration.ps1 should match function name" time="0.0161" asserts="0" success="True" result="Success" executed="True" />
                  <test-case description="C:\projects\applicationcontrol\ApplicationControl\Public\Select-AcUniqueMetadata.ps1 should match function name" name="Function validation.C:\projects\applicationcontrol\ApplicationControl\Public\Select-AcUniqueMetadata.ps1 should match function name" time="0.0114" asserts="0" success="True" result="Success" executed="True" />
                </results>
              </test-suite>
            </results>
          </test-suite>
        </results>
      </test-suite>
      <test-suite type="TestFixture" name="C:\projects\applicationcontrol\Tests\Module.Tests.ps1" executed="True" result="Success" success="True" time="0.0865" asserts="0" description="C:\projects\applicationcontrol\Tests\Module.Tests.ps1">
        <results>
          <test-suite type="TestFixture" name="Module Metadata Validation" executed="True" result="Success" success="True" time="0.0865" asserts="0" description="Module Metadata Validation">
            <results>
              <test-case description="Script fileinfo should be OK" name="Module Metadata Validation.Script fileinfo should be OK" time="0.0595" asserts="0" success="True" result="Success" executed="True" />
              <test-case description="Import module should be OK" name="Module Metadata Validation.Import module should be OK" time="0.0271" asserts="0" success="True" result="Success" executed="True" />
            </results>
          </test-suite>
        </results>
      </test-suite>
    </results>
  </test-suite>
</test-results>